----------------------------------------------------------------------------------------------------
------------------------------------ MegaLinter, by OX Security ------------------------------------
----------------------------------------------------------------------------------------------------
 - Image Creation Date: 2024-08-19T21:44:53Z
 - Image Revision: 378cc7a36ad17c7f458333ebf6803a5069fff007
 - Image Version: v8.0.0
----------------------------------------------------------------------------------------------------
The MegaLinter documentation can be found at:
 - https://megalinter.io/8.0.0
----------------------------------------------------------------------------------------------------
::group::MegaLinter initialization (expand for details)
MegaLinter will analyze workspace [/github/workspace]
GITHUB_REPOSITORY: liblaf/vscode-extension-packs
GITHUB_REF: refs/pull/3/merge
GITHUB_RUN_ID: 11305395336


[Activation] ANSIBLE_ANSIBLE_LINT has been set inactive, as none of these files has been found: ['.ansible-lint']
[Activation] EDITORCONFIG_EDITORCONFIG_CHECKER has been set inactive, as none of these files has been found: ['.editorconfig']
[Activation] JAVASCRIPT_ES has been set inactive, as none of these files has been found: ['.eslintrc.json', '.eslintrc.yml', '.eslintrc.yaml', '.eslintrc.js', '.eslintrc.cjs', 'package.json:eslintConfig']
[Activation] JSON_NPM_PACKAGE_JSON_LINT has been set inactive, as none of these files has been found: ['package.json']
[Activation] JSX_ESLINT has been set inactive, as none of these files has been found: ['.eslintrc.json', '.eslintrc.yml', '.eslintrc.yaml', '.eslintrc.js', '.eslintrc.cjs', 'package.json:eslintConfig']
[Activation] KUBERNETES_KUBECONFORM has been set inactive, as subdirectory has not been found: kubernetes (set value "any" to always activate)
[Activation] KUBERNETES_HELM has been set inactive, as none of these files has been found: ['Chart.yml', 'Chart.yaml']
[Activation] KUBERNETES_KUBESCAPE has been set inactive, as none of these files has been found: ['Chart.yml', 'Chart.yaml']
[Activation] REPOSITORY_LS_LINT has been set inactive, as none of these files has been found: ['.ls-lint.yml']
[SemgrepLinter] Deactivated because no ruleset has been defined
[Activation] SALESFORCE_SFDX_SCANNER_APEX has been set inactive, as subdirectory has not been found: force-app (set value "any" to always activate)
[Activation] SALESFORCE_SFDX_SCANNER_AURA has been set inactive, as subdirectory has not been found: force-app (set value "any" to always activate)
[Activation] SALESFORCE_SFDX_SCANNER_LWC has been set inactive, as subdirectory has not been found: force-app (set value "any" to always activate)
[Activation] SALESFORCE_LIGHTNING_FLOW_SCANNER has been set inactive, as subdirectory has not been found: force-app (set value "any" to always activate)
[Activation] SPELL_PROSELINT has been set inactive, as none of these files has been found: ['.proselintrc', 'proselint/config.json']
[Activation] SPELL_VALE has been set inactive, as none of these files has been found: ['.vale.ini']
[Activation] SQL_SQLFLUFF has been set inactive, as none of these files has been found: ['.sqlfluff']
[Activation] SWIFT_SWIFTLINT has been set inactive, as none of these files has been found: ['.swiftlint.yml']
[Activation] TSX_ESLINT has been set inactive, as none of these files has been found: ['.eslintrc.json', '.eslintrc.yml', '.eslintrc.yaml', '.eslintrc.js', '.eslintrc.cjs', 'package.json:eslintConfig']
[Activation] TYPESCRIPT_ES has been set inactive, as none of these files has been found: ['.eslintrc.json', '.eslintrc.yml', '.eslintrc.yaml', '.eslintrc.js', '.eslintrc.cjs', 'package.json:eslintConfig']
CLOJURE_CLJSTYLE has been disabled in MegaLinter for the following reason: Bug on cljstyle on alpine linux: https://github.com/greglook/cljstyle/issues/104
JSON_ESLINT_PLUGIN_JSONC has been disabled in MegaLinter for the following reason: Bug in eslint-plugin-jsonc : https://github.com/ota-meshi/eslint-plugin-jsonc/issues/328
MAKEFILE_CHECKMAKE has been disabled in MegaLinter for the following reason: Security issues: https://github.com/mrtazz/checkmake/issues/99
MARKDOWN_REMARK_LINT has been disabled in MegaLinter for the following reason: Bug in remark-lint: https://github.com/remarkjs/remark-lint/issues/322
SQL_TSQLLINT has been disabled in MegaLinter for the following reason: Security issues not handled: # https://github.com/tsqllint/tsqllint/issues/333
Skipped linters: ANSIBLE_ANSIBLE_LINT, BASH_EXEC, CLOJURE_CLJSTYLE, EDITORCONFIG_EDITORCONFIG_CHECKER, JAVASCRIPT_ES, JAVASCRIPT_PRETTIER, JSON_ESLINT_PLUGIN_JSONC, JSON_NPM_PACKAGE_JSON_LINT, JSX_ESLINT, KUBERNETES_HELM, KUBERNETES_KUBECONFORM, KUBERNETES_KUBESCAPE, MAKEFILE_CHECKMAKE, MARKDOWN_REMARK_LINT, PYTHON_BANDIT, PYTHON_BLACK, PYTHON_FLAKE8, PYTHON_ISORT, PYTHON_MYPY, PYTHON_PYLINT, REPOSITORY_LS_LINT, REPOSITORY_SEMGREP, SALESFORCE_LIGHTNING_FLOW_SCANNER, SALESFORCE_SFDX_SCANNER_APEX, SALESFORCE_SFDX_SCANNER_AURA, SALESFORCE_SFDX_SCANNER_LWC, SPELL_PROSELINT, SPELL_VALE, SQL_SQLFLUFF, SQL_TSQLLINT, SWIFT_SWIFTLINT, TSX_ESLINT, TYPESCRIPT_ES, TYPESCRIPT_PRETTIER
To receive reports as email, please set variable EMAIL_REPORTER_EMAIL
::endgroup::
::group::MegaLinter now collects the files to analyse (expand for details)
Listing all files in directory [/github/workspace], then filter with:
- File extensions: , .R, .RMD, .Rmd, .bash, .bicep, .c, .c++, .cc, .cdxml, .clj, .cljc, .cljs, .coffee, .cpp, .cs, .csproj, .css, .cu, .cuh, .cxx, .dart, .dash, .edn, .env, .feature, .go, .gradle, .graphql, .groovy, .gvy, .h, .h++, .hcl, .hh, .hpp, .htm, .html, .hxx, .java, .js, .json, .json5, .jsonc, .ksh, .kt, .kts, .lua, .markdown, .md, .mdx, .nf, .p6, .php, .pl, .pl6, .pm, .pm6, .pp, .proto, .ps1, .ps1xml, .psd1, .psm1, .psrc, .pssc, .py, .r, .raku, .rakumod, .rakutest, .rb, .rs, .rst, .saas, .scala, .scss, .sh, .smk, .t, .tex, .tf, .ts, .txt, .vb, .xml, .xsd, .yaml, .yml
- File names (regex): Containerfile, Dockerfile, Jenkinsfile, Snakefile
- Excluding .gitignored files [0]: 
Kept [49] files on [50] found files

+----MATCHING LINTERS-------------------+------------------------------------------------------------------------+----------------+------------+
| Descriptor | Linter                   | Criteria                                                               | Matching files | Format/Fix |
+------------+--------------------------+------------------------------------------------------------------------+----------------+------------+
| ACTION     | actionlint               | .yml|.yaml                                                             | 1              | no         |
| COPYPASTE  | jscpd                    |                                                                        | project        | no         |
| JSON       | jsonlint                 | .json                                                                  | 15             | no         |
| JSON       | v8r                      | .json                                                                  | 15             | no         |
| JSON       | prettier                 | .json                                                                  | 15             | yes        |
| MARKDOWN   | markdownlint             | .md                                                                    | 18             | yes        |
| MARKDOWN   | markdown-link-check      | .md                                                                    | 18             | no         |
| MARKDOWN   | markdown-table-formatter | .md                                                                    | 18             | yes        |
| REPOSITORY | checkov                  |                                                                        | project        | no         |
| REPOSITORY | devskim                  |                                                                        | project        | no         |
| REPOSITORY | dustilock                |                                                                        | project        | no         |
| REPOSITORY | git_diff                 |                                                                        | project        | no         |
| REPOSITORY | gitleaks                 |                                                                        | project        | no         |
| REPOSITORY | grype                    |                                                                        | project        | no         |
| REPOSITORY | kics                     |                                                                        | project        | no         |
| REPOSITORY | secretlint               |                                                                        | project        | no         |
| REPOSITORY | syft                     |                                                                        | project        | no         |
| REPOSITORY | trivy                    |                                                                        | project        | no         |
| REPOSITORY | trivy-sbom               |                                                                        | project        | no         |
| REPOSITORY | trufflehog               |                                                                        | project        | no         |
| SPELL      | cspell                   |                                                                        | 49             | no         |
| SPELL      | lychee                   | .md|.mdx|.markdown|.html|.htm|.rst|.txt|.json|.jsonc|.json5|.yaml|.yml | 42             | no         |
| YAML       | prettier                 | .yml|.yaml                                                             | 9              | yes        |
| YAML       | yamllint                 | .yml|.yaml                                                             | 9              | no         |
| YAML       | v8r                      | .yml|.yaml                                                             | 9              | no         |
+------------+--------------------------+------------------------------------------------------------------------+----------------+------------+
::endgroup::
Processing linters on [4] parallel cores… (can be decreased with variable PARALLEL_PROCESS_NUMBER in case of performance issues)
::group::[32m✅ Linted [JSON] files with [prettier] successfully - (0.56s)[0m (expand for details)
- Using [prettier v3.3.3] https://megalinter.io/8.0.0/descriptors/json_prettier
- MegaLinter key: [JSON_PRETTIER]
- Rules config: identified by [prettier]
- Number of files analyzed: [15]
::endgroup::
::group::[32m✅ Linted [MARKDOWN] files with [markdownlint] successfully - (0.81s)[0m (expand for details)
- Using [markdownlint v0.41.0] https://megalinter.io/8.0.0/descriptors/markdown_markdownlint
- MegaLinter key: [MARKDOWN_MARKDOWNLINT]
- Rules config: [.markdownlint.json]
- Number of files analyzed: [18]
::endgroup::
::group::[32m✅ Linted [YAML] files with [prettier] successfully - (1.21s)[0m (expand for details)
- Using [prettier v3.3.3] https://megalinter.io/8.0.0/descriptors/yaml_prettier
- MegaLinter key: [YAML_PRETTIER]
- Rules config: identified by [prettier]
- Number of files analyzed: [9]
::endgroup::
::group::[32m✅ Linted [MARKDOWN] files with [markdown-table-formatter] successfully - (0.27s)[0m (expand for details)
- Using [markdown-table-formatter v1.6.1] https://megalinter.io/8.0.0/descriptors/markdown_markdown_table_formatter
- MegaLinter key: [MARKDOWN_MARKDOWN_TABLE_FORMATTER]
- Rules config: identified by [markdown-table-formatter]
- Number of files analyzed: [18]
::endgroup::
::group::[32m✅ Linted [COPYPASTE] files with [jscpd] successfully - (1.01s)[0m (expand for details)
- Using [jscpd v4.0.5] https://megalinter.io/8.0.0/descriptors/copypaste_jscpd
- MegaLinter key: [COPYPASTE_JSCPD]
- Rules config: [.jscpd.json]
::endgroup::
::group::[32m✅ Linted [REPOSITORY] files with [secretlint] successfully - (0.59s)[0m (expand for details)
- Using [secretlint v8.2.4] https://megalinter.io/8.0.0/descriptors/repository_secretlint
- MegaLinter key: [REPOSITORY_SECRETLINT]
- Rules config: [.secretlintrc.json]
::endgroup::
::group::[32m✅ Linted [REPOSITORY] files with [devskim] successfully - (1.15s)[0m (expand for details)
- Using [devskim v1.0.33] https://megalinter.io/8.0.0/descriptors/repository_devskim
- MegaLinter key: [REPOSITORY_DEVSKIM]
- Rules config: [/github/workspace/.github/megalinter/.devskim.json]
::endgroup::
::group::[32m✅ Linted [MARKDOWN] files with [markdown-link-check] successfully - (3.96s)[0m (expand for details)
- Using [markdown-link-check v3.12.2] https://megalinter.io/8.0.0/descriptors/markdown_markdown_link_check
- MegaLinter key: [MARKDOWN_MARKDOWN_LINK_CHECK]
- Rules config: [.markdown-link-check.json]
- Number of files analyzed: [18]
::endgroup::
::group::[33m✅ Linted [SPELL] files with [cspell]: Found 12 non blocking error(s) - (3.81s)[0m (expand for details)
- Using [cspell v8.14.1] https://megalinter.io/8.0.0/descriptors/spell_cspell
- MegaLinter key: [SPELL_CSPELL]
- Rules config: [/github/workspace/.cspell.json]
- Number of files analyzed: [50]
--Error detail:
 1/48 .github/auto-label.yaml 513.82ms
 2/48 .github/blunderbuss.yml 17.75ms
 3/48 .github/megalinter/.checkov.yml 4.77ms
 4/48 .github/megalinter/.devskim.json 122.33ms
 5/48 .github/renovate.json 3.14ms
 6/48 .github/sync-repo-settings.yaml 1.12ms
 7/48 .github/workflows/megalinter.yaml 134.83ms X
.github/workflows/megalinter.yaml:179:15    - Unknown word (stefanzweifel) -- uses: stefanzweifel/git-auto-commit-action
	 Suggestions: []
 8/48 .gitignore 4.58ms
 9/48 .mega-linter.yaml 433.30ms X
.mega-linter.yaml:34:12     - Unknown word (ISORT)      -- - PYTHON_ISORT
	 Suggestions: [SORT, iost, IOST, IGOR, ISAR]
.mega-linter.yaml:35:12     - Unknown word (MYPY)       -- - PYTHON_MYPY
	 Suggestions: [MOPY, MYOPY, MACY, MANY, MAPS]
.mega-linter.yaml:36:12     - Unknown word (PYLINT)     -- - PYTHON_PYLINT
	 Suggestions: [PLYING, PINT, PAINT, PLANT, PLINK]
.mega-linter.yaml:42:12     - Unknown word (DEVSKIM)    -- REPOSITORY_DEVSKIM_CONFIG_FILE: .github
	 Suggestions: [DESK, DEVI, DKIM, DEISM, DENIM]
.mega-linter.yaml:42:53     - Unknown word (devskim)    -- .github/megalinter/.devskim.json
	 Suggestions: [desk, devi, dkim, deism, denim]
.mega-linter.yaml:43:12     - Unknown word (KICS)       -- REPOSITORY_KICS_CONFIG_FILE: .github
	 Suggestions: [KI'S, KICK, KIDS, KINS, KIPS]
.mega-linter.yaml:43:49     - Unknown word (kics)       -- .github/megalinter/kics.config
	 Suggestions: [ki's, kick, kids, kins, kips]
10/48 .pre-commit-config.yaml 175.81ms X
.pre-commit-config.yaml:10:13     - Unknown word (commitizen) -- - id: commitizen
	 Suggestions: [comities, commitid, committed, committee, committer]
.pre-commit-config.yaml:34:20     - Unknown word (bidi)       -- - id: forbid-bidi-controls
	 Suggestions: [bide, bids, bini, Bini, bid]
11/48 cdbcbfca-239f-44dd-babe-ba8c053a77a1-megalinter_file_names_cspell.txt 57.86ms X
cdbcbfca-239f-44dd-babe-ba8c053a77a1-megalinter_file_names_cspell.txt:5:20      - Unknown word (devskim)    -- github megalinter devskim
	 Suggestions: [desk, devi, dkim, deism, denim]
12/48 packs/dotfiles-pack/.vscode/launch.json 2.49ms
13/48 packs/dotfiles-pack/.vscodeignore 1.67ms
14/48 packs/dotfiles-pack/CHANGELOG.md 102.32ms
15/48 packs/dotfiles-pack/package.json 5.53ms
16/48 packs/dotfiles-pack/README.md 7.30ms
17/48 packs/dotfiles-pack/vsc-extension-quickstart.md 4.02ms
18/48 packs/essentials-pack/.vscode/launch.json 4.73ms
19/48 packs/essentials-pack/.vscodeignore 1.63ms
20/48 packs/essentials-pack/CHANGELOG.md 2.04ms
21/48 packs/essentials-pack/package.json 14.20ms
22/48 packs/essentials-pack/README.md 5.33ms
23/48 packs/essentials-pack/vsc-extension-quickstart.md 7.94ms
24/48 packs/latex-pack/.vscode/launch.json 1.55ms
25/48 packs/latex-pack/.vscodeignore 1.23ms
26/48 packs/latex-pack/CHANGELOG.md 1.42ms
27/48 packs/latex-pack/package.json 1.97ms
28/48 packs/latex-pack/README.md 1.87ms
29/48 packs/latex-pack/vsc-extension-quickstart.md 3.59ms
30/48 packs/python-pack/.vscode/launch.json 2.61ms
31/48 packs/python-pack/.vscodeignore 2.39ms
32/48 packs/python-pack/CHANGELOG.md 3.26ms
33/48 packs/python-pack/package.json 5.41ms
34/48 packs/python-pack/README.md 3.00ms
35/48 packs/python-pack/vsc-extension-quickstart.md 7.35ms
36/48 packs/rust-pack/.vscode/launch.json 2.35ms
37/48 packs/rust-pack/.vscodeignore 1.33ms
38/48 packs/rust-pack/CHANGELOG.md 1.77ms
39/48 packs/rust-pack/package.json 2.99ms
40/48 packs/rust-pack/README.md 3.04ms
41/48 packs/rust-pack/vsc-extension-quickstart.md 3.63ms
42/48 packs/web-pack/.vscode/launch.json 2.87ms
43/48 packs/web-pack/.vscodeignore 1.77ms
44/48 packs/web-pack/CHANGELOG.md 2.53ms
45/48 packs/web-pack/package.json 30.96ms X
packs/web-pack/package.json:18:6      - Unknown word (biomejs)    -- "biomejs.biome",
	 Suggestions: [biomes, biome, biomet, biomass, boomers]
46/48 packs/web-pack/README.md 2.45ms
47/48 packs/web-pack/vsc-extension-quickstart.md 1.97ms
48/48 pnpm-workspace.yaml 0.97ms
CSpell: Files checked: 48, Issues found: 12 in 5 files.

::endgroup::
::group::[32m✅ Linted [YAML] files with [v8r] successfully - (4.86s)[0m (expand for details)
- Using [v8r v4.0.1] https://megalinter.io/8.0.0/descriptors/yaml_v8r
- MegaLinter key: [YAML_V8R]
- Rules config: identified by [v8r]
- Number of files analyzed: [9]
::endgroup::
::group::[32m✅ Linted [REPOSITORY] files with [kics] successfully - (1.55s)[0m (expand for details)
- Using [kics v2.1.2] https://megalinter.io/8.0.0/descriptors/repository_kics
- MegaLinter key: [REPOSITORY_KICS]
- Rules config: [/github/workspace/.github/megalinter/kics.config]
::endgroup::
::group::[32m✅ Linted [REPOSITORY] files with [trivy] successfully - (5.58s)[0m (expand for details)
- Using [trivy v0.54.1] https://megalinter.io/8.0.0/descriptors/repository_trivy
- MegaLinter key: [REPOSITORY_TRIVY]
- Rules config: identified by [trivy]
::endgroup::
::group::[32m✅ Linted [REPOSITORY] files with [trivy-sbom] successfully - (0.71s)[0m (expand for details)
- Using [trivy-sbom v0.54.1] https://megalinter.io/8.0.0/descriptors/repository_trivy_sbom
- MegaLinter key: [REPOSITORY_TRIVY_SBOM]
- Rules config: identified by [trivy-sbom]
::endgroup::
::group::[32m✅ Linted [REPOSITORY] files with [grype] successfully - (13.56s)[0m (expand for details)
- Using [grype v0.79.5] https://megalinter.io/8.0.0/descriptors/repository_grype
- MegaLinter key: [REPOSITORY_GRYPE]
- Rules config: [.grype.yaml]
::endgroup::
::group::[32m✅ Linted [REPOSITORY] files with [checkov] successfully - (12.32s)[0m (expand for details)
- Using [checkov v3.2.232] https://megalinter.io/8.0.0/descriptors/repository_checkov
- MegaLinter key: [REPOSITORY_CHECKOV]
- Rules config: [/github/workspace/.github/megalinter/.checkov.yml]
::endgroup::
::group::[32m✅ Linted [ACTION] files with [actionlint] successfully - (0.03s)[0m (expand for details)
- Using [actionlint v1.7.1] https://megalinter.io/8.0.0/descriptors/action_actionlint
- MegaLinter key: [ACTION_ACTIONLINT]
- Rules config: identified by [actionlint]
- Number of files analyzed: [1]
::endgroup::
::group::[31m❌ Linted [JSON] files with [jsonlint]: Found 1 error(s) - (0.16s)[0m (expand for details)
- Using [jsonlint v16.0.0] https://megalinter.io/8.0.0/descriptors/json_jsonlint
- MegaLinter key: [JSON_JSONLINT]
- Rules config: identified by [jsonlint]
- Number of files analyzed: [15]
--Error detail:
File: packs/dotfiles-pack/.vscode/launch.json
Parse error on line 1, column 1:
// A launch configur...
^
Unexpected token "/"

::endgroup::
::group::[32m✅ Linted [REPOSITORY] files with [dustilock] successfully - (0.01s)[0m (expand for details)
- Using [dustilock v1.2.0] https://megalinter.io/8.0.0/descriptors/repository_dustilock
- MegaLinter key: [REPOSITORY_DUSTILOCK]
- Rules config: identified by [dustilock]
::endgroup::
::group::[32m✅ Linted [REPOSITORY] files with [gitleaks] successfully - (0.1s)[0m (expand for details)
- Using [gitleaks v8.18.4] https://megalinter.io/8.0.0/descriptors/repository_gitleaks
- MegaLinter key: [REPOSITORY_GITLEAKS]
- Rules config: [.gitleaks.toml]
::endgroup::
::group::[32m✅ Linted [REPOSITORY] files with [syft] successfully - (0.51s)[0m (expand for details)
- Using [syft v1.11.0] https://megalinter.io/8.0.0/descriptors/repository_syft
- MegaLinter key: [REPOSITORY_SYFT]
- Rules config: identified by [syft]
::endgroup::
::group::[32m✅ Linted [REPOSITORY] files with [trufflehog] successfully - (3.29s)[0m (expand for details)
- Using [trufflehog v3.81.9] https://megalinter.io/8.0.0/descriptors/repository_trufflehog
- MegaLinter key: [REPOSITORY_TRUFFLEHOG]
- Rules config: identified by [trufflehog]
::endgroup::
::group::[32m✅ Linted [REPOSITORY] files with [git_diff] successfully - (0.01s)[0m (expand for details)
- Using [git_diff v2.45.2] https://megalinter.io/8.0.0/descriptors/repository_git_diff
- MegaLinter key: [REPOSITORY_GIT_DIFF]
- Rules config: identified by [git_diff]
::endgroup::
::group::[32m✅ Linted [YAML] files with [yamllint] successfully - (0.6s)[0m (expand for details)
- Using [yamllint v1.35.1] https://megalinter.io/8.0.0/descriptors/yaml_yamllint
- MegaLinter key: [YAML_YAMLLINT]
- Rules config: [.yamllint.yml]
- Number of files analyzed: [9]
::endgroup::
::group::[32m✅ Linted [SPELL] files with [lychee] successfully - (2.67s)[0m (expand for details)
- Using [lychee v0.15.1] https://megalinter.io/8.0.0/descriptors/spell_lychee
- MegaLinter key: [SPELL_LYCHEE]
- Rules config: identified by [lychee]
- Number of files analyzed: [42]
::endgroup::
::group::[32m✅ Linted [JSON] files with [v8r] successfully - (45.01s)[0m (expand for details)
- Using [v8r v4.0.1] https://megalinter.io/8.0.0/descriptors/json_v8r
- MegaLinter key: [JSON_V8R]
- Rules config: identified by [v8r]
- Number of files analyzed: [15]
::endgroup::
[Updated Sources Reporter] copied 7 fixed source files in folder /github/workspace/megalinter-reports/updated_sources.
Download it from artifacts then copy-paste it in your local repo to apply linters updates
[GitHub Comment Reporter] Posted summary as comment on liblaf/vscode-extension-packs #PR3

+----SUMMARY----+--------------------------+---------------+-------+-------+--------+--------------+
| Descriptor    | Linter                   | Mode          | Files | Fixed | Errors | Elapsed time |
+---------------+--------------------------+---------------+-------+-------+--------+--------------+
| ✅ ACTION     | actionlint               | list_of_files |     1 |       |      0 |        0.03s |
| ✅ COPYPASTE  | jscpd                    | project       |   n/a |       |      0 |        1.01s |
| ❌ JSON       | jsonlint                 | list_of_files |    15 |       |      1 |        0.16s |
| ✅ JSON       | prettier                 | list_of_files |    15 |     0 |      0 |        0.56s |
| ✅ JSON       | v8r                      | list_of_files |    15 |       |      0 |       45.01s |
| ✅ MARKDOWN   | markdownlint             | list_of_files |    18 |     6 |      0 |        0.81s |
| ✅ MARKDOWN   | markdown-link-check      | list_of_files |    18 |       |      0 |        3.96s |
| ✅ MARKDOWN   | markdown-table-formatter | list_of_files |    18 |     6 |      0 |        0.27s |
| ✅ REPOSITORY | checkov                  | project       |   n/a |       |      0 |       12.32s |
| ✅ REPOSITORY | devskim                  | project       |   n/a |       |      0 |        1.15s |
| ✅ REPOSITORY | dustilock                | project       |   n/a |       |      0 |        0.01s |
| ✅ REPOSITORY | gitleaks                 | project       |   n/a |       |      0 |         0.1s |
| ✅ REPOSITORY | git_diff                 | project       |   n/a |       |      0 |        0.01s |
| ✅ REPOSITORY | grype                    | project       |   n/a |       |      0 |       13.56s |
| ✅ REPOSITORY | kics                     | project       |   n/a |       |      0 |        1.55s |
| ✅ REPOSITORY | secretlint               | project       |   n/a |       |      0 |        0.59s |
| ✅ REPOSITORY | syft                     | project       |   n/a |       |      0 |        0.51s |
| ✅ REPOSITORY | trivy                    | project       |   n/a |       |      0 |        5.58s |
| ✅ REPOSITORY | trivy-sbom               | project       |   n/a |       |      0 |        0.71s |
| ✅ REPOSITORY | trufflehog               | project       |   n/a |       |      0 |        3.29s |
| ⚠️ SPELL      | cspell                   | list_of_files |    50 |       |     12 |        3.81s |
| ✅ SPELL      | lychee                   | list_of_files |    42 |       |      0 |        2.67s |
| ✅ YAML       | prettier                 | list_of_files |     9 |     1 |      0 |        1.21s |
| ✅ YAML       | v8r                      | list_of_files |     9 |       |      0 |        4.86s |
| ✅ YAML       | yamllint                 | list_of_files |     9 |       |      0 |         0.6s |
+---------------+--------------------------+---------------+-------+-------+--------+--------------+

[34mYou could have same capabilities but better runtime performances if you use a MegaLinter flavor:[0m
- [terraform] oxsecurity/megalinter/flavors/terraform@v8 (54 linters) https://megalinter.io/8.0.0/flavors/terraform/
- [cupcake] oxsecurity/megalinter/flavors/cupcake@v8 (83 linters) https://megalinter.io/8.0.0/flavors/cupcake/

[MARKDOWN_SUMMARY Reporter] Generated MARKDOWN_SUMMARY report: /github/workspace/megalinter-reports/megalinter-report.md
[31m❌ Error(s) have been found during linting[0m
To disable linters or customize their checks, you can use a .mega-linter.yml file at the root of your repository
More info at https://megalinter.io/8.0.0/configuration/
